

Started GET "/" for ::1 at 2016-09-20 10:03:08 -0400

PG::ConnectionBad - could not connect to server: No such file or directory
	Is the server running locally and accepting
	connections on Unix domain socket "/tmp/.s.PGSQL.5432"?
:
  activerecord (4.2.6) lib/active_record/connection_adapters/postgresql_adapter.rb:651:in `connect'
  activerecord (4.2.6) lib/active_record/connection_adapters/postgresql_adapter.rb:242:in `initialize'
  activerecord (4.2.6) lib/active_record/connection_adapters/postgresql_adapter.rb:44:in `postgresql_connection'
  activerecord (4.2.6) lib/active_record/connection_adapters/abstract/connection_pool.rb:438:in `new_connection'
  activerecord (4.2.6) lib/active_record/connection_adapters/abstract/connection_pool.rb:448:in `checkout_new_connection'
  activerecord (4.2.6) lib/active_record/connection_adapters/abstract/connection_pool.rb:422:in `acquire_connection'
  activerecord (4.2.6) lib/active_record/connection_adapters/abstract/connection_pool.rb:349:in `block in checkout'
  /Users/cassbaltz/.rbenv/versions/2.1.2/lib/ruby/2.1.0/monitor.rb:211:in `mon_synchronize'
  activerecord (4.2.6) lib/active_record/connection_adapters/abstract/connection_pool.rb:348:in `checkout'
  activerecord (4.2.6) lib/active_record/connection_adapters/abstract/connection_pool.rb:263:in `block in connection'
  /Users/cassbaltz/.rbenv/versions/2.1.2/lib/ruby/2.1.0/monitor.rb:211:in `mon_synchronize'
  activerecord (4.2.6) lib/active_record/connection_adapters/abstract/connection_pool.rb:262:in `connection'
  activerecord (4.2.6) lib/active_record/connection_adapters/abstract/connection_pool.rb:571:in `retrieve_connection'
  activerecord (4.2.6) lib/active_record/connection_handling.rb:113:in `retrieve_connection'
  activerecord (4.2.6) lib/active_record/connection_handling.rb:87:in `connection'
  activerecord (4.2.6) lib/active_record/migration.rb:383:in `connection'
  activerecord (4.2.6) lib/active_record/migration.rb:370:in `call'
  actionpack (4.2.6) lib/action_dispatch/middleware/callbacks.rb:29:in `block in call'
  activesupport (4.2.6) lib/active_support/callbacks.rb:88:in `__run_callbacks__'
  activesupport (4.2.6) lib/active_support/callbacks.rb:778:in `_run_call_callbacks'
  activesupport (4.2.6) lib/active_support/callbacks.rb:81:in `run_callbacks'
  actionpack (4.2.6) lib/action_dispatch/middleware/callbacks.rb:27:in `call'
  actionpack (4.2.6) lib/action_dispatch/middleware/reloader.rb:73:in `call'
  actionpack (4.2.6) lib/action_dispatch/middleware/remote_ip.rb:78:in `call'
  better_errors (2.1.1) lib/better_errors/middleware.rb:84:in `protected_app_call'
  better_errors (2.1.1) lib/better_errors/middleware.rb:79:in `better_errors_call'
  better_errors (2.1.1) lib/better_errors/middleware.rb:57:in `call'
  actionpack (4.2.6) lib/action_dispatch/middleware/debug_exceptions.rb:17:in `call'
  web-console (2.3.0) lib/web_console/middleware.rb:28:in `block in call'
  web-console (2.3.0) lib/web_console/middleware.rb:18:in `call'
  actionpack (4.2.6) lib/action_dispatch/middleware/show_exceptions.rb:30:in `call'
  railties (4.2.6) lib/rails/rack/logger.rb:38:in `call_app'
  railties (4.2.6) lib/rails/rack/logger.rb:20:in `block in call'
  activesupport (4.2.6) lib/active_support/tagged_logging.rb:68:in `block in tagged'
  activesupport (4.2.6) lib/active_support/tagged_logging.rb:26:in `tagged'
  activesupport (4.2.6) lib/active_support/tagged_logging.rb:68:in `tagged'
  railties (4.2.6) lib/rails/rack/logger.rb:20:in `call'
  actionpack (4.2.6) lib/action_dispatch/middleware/request_id.rb:21:in `call'
  rack (1.6.4) lib/rack/methodoverride.rb:22:in `call'
  rack (1.6.4) lib/rack/runtime.rb:18:in `call'
  activesupport (4.2.6) lib/active_support/cache/strategy/local_cache_middleware.rb:28:in `call'
  rack (1.6.4) lib/rack/lock.rb:17:in `call'
  actionpack (4.2.6) lib/action_dispatch/middleware/static.rb:120:in `call'
  rack (1.6.4) lib/rack/sendfile.rb:113:in `call'
  railties (4.2.6) lib/rails/engine.rb:518:in `call'
  railties (4.2.6) lib/rails/application.rb:165:in `call'
  rack (1.6.4) lib/rack/lock.rb:17:in `call'
  rack (1.6.4) lib/rack/content_length.rb:15:in `call'
  rack (1.6.4) lib/rack/handler/webrick.rb:88:in `service'
  /Users/cassbaltz/.rbenv/versions/2.1.2/lib/ruby/2.1.0/webrick/httpserver.rb:138:in `service'
  /Users/cassbaltz/.rbenv/versions/2.1.2/lib/ruby/2.1.0/webrick/httpserver.rb:94:in `run'
  /Users/cassbaltz/.rbenv/versions/2.1.2/lib/ruby/2.1.0/webrick/server.rb:295:in `block in start_thread'



Started POST "/__better_errors/bb23199b5852cf44/variables" for ::1 at 2016-09-20 10:03:09 -0400


Started GET "/" for ::1 at 2016-09-20 10:03:15 -0400

PG::ConnectionBad - could not connect to server: No such file or directory
	Is the server running locally and accepting
	connections on Unix domain socket "/tmp/.s.PGSQL.5432"?
:
  activerecord (4.2.6) lib/active_record/connection_adapters/postgresql_adapter.rb:651:in `connect'
  activerecord (4.2.6) lib/active_record/connection_adapters/postgresql_adapter.rb:242:in `initialize'
  activerecord (4.2.6) lib/active_record/connection_adapters/postgresql_adapter.rb:44:in `postgresql_connection'
  activerecord (4.2.6) lib/active_record/connection_adapters/abstract/connection_pool.rb:438:in `new_connection'
  activerecord (4.2.6) lib/active_record/connection_adapters/abstract/connection_pool.rb:448:in `checkout_new_connection'
  activerecord (4.2.6) lib/active_record/connection_adapters/abstract/connection_pool.rb:422:in `acquire_connection'
  activerecord (4.2.6) lib/active_record/connection_adapters/abstract/connection_pool.rb:349:in `block in checkout'
  /Users/cassbaltz/.rbenv/versions/2.1.2/lib/ruby/2.1.0/monitor.rb:211:in `mon_synchronize'
  activerecord (4.2.6) lib/active_record/connection_adapters/abstract/connection_pool.rb:348:in `checkout'
  activerecord (4.2.6) lib/active_record/connection_adapters/abstract/connection_pool.rb:263:in `block in connection'
  /Users/cassbaltz/.rbenv/versions/2.1.2/lib/ruby/2.1.0/monitor.rb:211:in `mon_synchronize'
  activerecord (4.2.6) lib/active_record/connection_adapters/abstract/connection_pool.rb:262:in `connection'
  activerecord (4.2.6) lib/active_record/connection_adapters/abstract/connection_pool.rb:571:in `retrieve_connection'
  activerecord (4.2.6) lib/active_record/connection_handling.rb:113:in `retrieve_connection'
  activerecord (4.2.6) lib/active_record/connection_handling.rb:87:in `connection'
  activerecord (4.2.6) lib/active_record/migration.rb:383:in `connection'
  activerecord (4.2.6) lib/active_record/migration.rb:370:in `call'
  actionpack (4.2.6) lib/action_dispatch/middleware/callbacks.rb:29:in `block in call'
  activesupport (4.2.6) lib/active_support/callbacks.rb:88:in `__run_callbacks__'
  activesupport (4.2.6) lib/active_support/callbacks.rb:778:in `_run_call_callbacks'
  activesupport (4.2.6) lib/active_support/callbacks.rb:81:in `run_callbacks'
  actionpack (4.2.6) lib/action_dispatch/middleware/callbacks.rb:27:in `call'
  actionpack (4.2.6) lib/action_dispatch/middleware/reloader.rb:73:in `call'
  actionpack (4.2.6) lib/action_dispatch/middleware/remote_ip.rb:78:in `call'
  better_errors (2.1.1) lib/better_errors/middleware.rb:84:in `protected_app_call'
  better_errors (2.1.1) lib/better_errors/middleware.rb:79:in `better_errors_call'
  better_errors (2.1.1) lib/better_errors/middleware.rb:57:in `call'
  actionpack (4.2.6) lib/action_dispatch/middleware/debug_exceptions.rb:17:in `call'
  web-console (2.3.0) lib/web_console/middleware.rb:28:in `block in call'
  web-console (2.3.0) lib/web_console/middleware.rb:18:in `call'
  actionpack (4.2.6) lib/action_dispatch/middleware/show_exceptions.rb:30:in `call'
  railties (4.2.6) lib/rails/rack/logger.rb:38:in `call_app'
  railties (4.2.6) lib/rails/rack/logger.rb:20:in `block in call'
  activesupport (4.2.6) lib/active_support/tagged_logging.rb:68:in `block in tagged'
  activesupport (4.2.6) lib/active_support/tagged_logging.rb:26:in `tagged'
  activesupport (4.2.6) lib/active_support/tagged_logging.rb:68:in `tagged'
  railties (4.2.6) lib/rails/rack/logger.rb:20:in `call'
  actionpack (4.2.6) lib/action_dispatch/middleware/request_id.rb:21:in `call'
  rack (1.6.4) lib/rack/methodoverride.rb:22:in `call'
  rack (1.6.4) lib/rack/runtime.rb:18:in `call'
  activesupport (4.2.6) lib/active_support/cache/strategy/local_cache_middleware.rb:28:in `call'
  rack (1.6.4) lib/rack/lock.rb:17:in `call'
  actionpack (4.2.6) lib/action_dispatch/middleware/static.rb:120:in `call'
  rack (1.6.4) lib/rack/sendfile.rb:113:in `call'
  railties (4.2.6) lib/rails/engine.rb:518:in `call'
  railties (4.2.6) lib/rails/application.rb:165:in `call'
  rack (1.6.4) lib/rack/lock.rb:17:in `call'
  rack (1.6.4) lib/rack/content_length.rb:15:in `call'
  rack (1.6.4) lib/rack/handler/webrick.rb:88:in `service'
  /Users/cassbaltz/.rbenv/versions/2.1.2/lib/ruby/2.1.0/webrick/httpserver.rb:138:in `service'
  /Users/cassbaltz/.rbenv/versions/2.1.2/lib/ruby/2.1.0/webrick/httpserver.rb:94:in `run'
  /Users/cassbaltz/.rbenv/versions/2.1.2/lib/ruby/2.1.0/webrick/server.rb:295:in `block in start_thread'



Started POST "/__better_errors/3528eb1b6208db2c/variables" for ::1 at 2016-09-20 10:03:16 -0400


Started GET "/" for ::1 at 2016-09-20 10:05:44 -0400
Processing by StaticPagesController#root as HTML
  Rendered static_pages/root.html.erb within layouts/application (4.5ms)
Completed 500 Internal Server Error in 1723ms (ActiveRecord: 0.0ms)

Sprockets::FileNotFound - couldn't find file 'bundle' with type 'application/javascript'
Checked in these paths: 
  /Users/cassbaltz/Desktop/DuJour/app/assets/images
  /Users/cassbaltz/Desktop/DuJour/app/assets/javascripts
  /Users/cassbaltz/Desktop/DuJour/app/assets/stylesheets
  /Users/cassbaltz/Desktop/DuJour/vendor/assets/javascripts
  /Users/cassbaltz/Desktop/DuJour/vendor/assets/stylesheets
  /Users/cassbaltz/.rbenv/versions/2.1.2/lib/ruby/gems/2.1.0/gems/materialize-sass-0.97.7/app/assets/fonts
  /Users/cassbaltz/.rbenv/versions/2.1.2/lib/ruby/gems/2.1.0/gems/materialize-sass-0.97.7/app/assets/javascripts
  /Users/cassbaltz/.rbenv/versions/2.1.2/lib/ruby/gems/2.1.0/gems/materialize-sass-0.97.7/app/assets/stylesheets
  /Users/cassbaltz/.rbenv/versions/2.1.2/lib/ruby/gems/2.1.0/gems/jquery-rails-4.2.1/vendor/assets/javascripts
  /Users/cassbaltz/.rbenv/versions/2.1.2/lib/ruby/gems/2.1.0/gems/coffee-rails-4.1.1/lib/assets/javascripts
  /Users/cassbaltz/.rbenv/versions/2.1.2/lib/ruby/gems/2.1.0/gems/materialize-sass-0.97.7/app/assets/stylesheets
  /Users/cassbaltz/.rbenv/versions/2.1.2/lib/ruby/gems/2.1.0/gems/materialize-sass-0.97.7/app/assets/javascripts
  /Users/cassbaltz/.rbenv/versions/2.1.2/lib/ruby/gems/2.1.0/gems/materialize-sass-0.97.7/app/assets/fonts
  /Users/cassbaltz/.rbenv/versions/2.1.2/lib/ruby/gems/2.1.0/gems/materialize-sass-0.97.7/app/assets/images:
  sprockets (3.7.0) lib/sprockets/directive_processor.rb:182:in `rescue in block in process_directives'
  sprockets (3.7.0) lib/sprockets/directive_processor.rb:179:in `block in process_directives'
  sprockets (3.7.0) lib/sprockets/directive_processor.rb:178:in `process_directives'
  sprockets (3.7.0) lib/sprockets/directive_processor.rb:83:in `_call'
  sprockets (3.7.0) lib/sprockets/directive_processor.rb:68:in `call'
  sprockets (3.7.0) lib/sprockets/processor_utils.rb:75:in `call_processor'
  sprockets (3.7.0) lib/sprockets/processor_utils.rb:57:in `block in call_processors'
  sprockets (3.7.0) lib/sprockets/processor_utils.rb:56:in `call_processors'
  sprockets (3.7.0) lib/sprockets/loader.rb:134:in `load_from_unloaded'
  sprockets (3.7.0) lib/sprockets/loader.rb:60:in `block in load'
  sprockets (3.7.0) lib/sprockets/loader.rb:317:in `fetch_asset_from_dependency_cache'
  sprockets (3.7.0) lib/sprockets/loader.rb:44:in `load'
  sprockets (3.7.0) lib/sprockets/cached_environment.rb:20:in `block in initialize'
  sprockets (3.7.0) lib/sprockets/cached_environment.rb:47:in `load'
  sprockets (3.7.0) lib/sprockets/bundle.rb:23:in `block in call'
  sprockets (3.7.0) lib/sprockets/utils.rb:196:in `dfs'
  sprockets (3.7.0) lib/sprockets/bundle.rb:24:in `call'
  sprockets (3.7.0) lib/sprockets/processor_utils.rb:75:in `call_processor'
  sprockets (3.7.0) lib/sprockets/processor_utils.rb:57:in `block in call_processors'
  sprockets (3.7.0) lib/sprockets/processor_utils.rb:56:in `call_processors'
  sprockets (3.7.0) lib/sprockets/loader.rb:134:in `load_from_unloaded'
  sprockets (3.7.0) lib/sprockets/loader.rb:60:in `block in load'
  sprockets (3.7.0) lib/sprockets/loader.rb:317:in `fetch_asset_from_dependency_cache'
  sprockets (3.7.0) lib/sprockets/loader.rb:44:in `load'
  sprockets (3.7.0) lib/sprockets/cached_environment.rb:20:in `block in initialize'
  sprockets (3.7.0) lib/sprockets/cached_environment.rb:47:in `load'
  sprockets (3.7.0) lib/sprockets/base.rb:66:in `find_asset'
  sprockets (3.7.0) lib/sprockets/base.rb:73:in `find_all_linked_assets'
  sprockets (3.7.0) lib/sprockets/manifest.rb:142:in `block in find'
  sprockets (3.7.0) lib/sprockets/legacy.rb:114:in `block (2 levels) in logical_paths'
  sprockets (3.7.0) lib/sprockets/path_utils.rb:228:in `block in stat_tree'
  sprockets (3.7.0) lib/sprockets/path_utils.rb:212:in `block in stat_directory'
  sprockets (3.7.0) lib/sprockets/path_utils.rb:209:in `stat_directory'
  sprockets (3.7.0) lib/sprockets/path_utils.rb:227:in `stat_tree'
  sprockets (3.7.0) lib/sprockets/legacy.rb:105:in `block in logical_paths'
  sprockets (3.7.0) lib/sprockets/legacy.rb:104:in `logical_paths'
  sprockets (3.7.0) lib/sprockets/manifest.rb:140:in `find'
  sprockets-rails (3.2.0) lib/sprockets/railtie.rb:50:in `precompiled_assets'
  sprockets-rails (3.2.0) lib/sprockets/railtie.rb:35:in `asset_precompiled?'
  sprockets-rails (3.2.0) lib/sprockets/railtie.rb:251:in `block (3 levels) in <class:Railtie>'
  sprockets-rails (3.2.0) lib/sprockets/rails/helper.rb:359:in `precompiled?'
  sprockets-rails (3.2.0) lib/sprockets/rails/helper.rb:363:in `raise_unless_precompiled_asset'
  sprockets-rails (3.2.0) lib/sprockets/rails/helper.rb:348:in `find_debug_asset'
  sprockets-rails (3.2.0) lib/sprockets/rails/helper.rb:229:in `block in lookup_debug_asset'
  sprockets-rails (3.2.0) lib/sprockets/rails/helper.rb:242:in `block in resolve_asset'
  sprockets-rails (3.2.0) lib/sprockets/rails/helper.rb:241:in `resolve_asset'
  sprockets-rails (3.2.0) lib/sprockets/rails/helper.rb:228:in `lookup_debug_asset'
  sprockets-rails (3.2.0) lib/sprockets/rails/helper.rb:170:in `block in stylesheet_link_tag'
  sprockets-rails (3.2.0) lib/sprockets/rails/helper.rb:169:in `stylesheet_link_tag'
  app/views/layouts/application.html.erb:5:in `_app_views_layouts_application_html_erb__3994328751457636327_70309135824300'
  actionview (4.2.6) lib/action_view/template.rb:145:in `block in render'
  activesupport (4.2.6) lib/active_support/notifications.rb:166:in `instrument'
  actionview (4.2.6) lib/action_view/template.rb:333:in `instrument'
  actionview (4.2.6) lib/action_view/template.rb:143:in `render'
  actionview (4.2.6) lib/action_view/renderer/template_renderer.rb:66:in `render_with_layout'
  actionview (4.2.6) lib/action_view/renderer/template_renderer.rb:52:in `render_template'
  actionview (4.2.6) lib/action_view/renderer/template_renderer.rb:14:in `render'
  actionview (4.2.6) lib/action_view/renderer/renderer.rb:46:in `render_template'
  actionview (4.2.6) lib/action_view/renderer/renderer.rb:27:in `render'
  actionview (4.2.6) lib/action_view/rendering.rb:100:in `_render_template'
  actionpack (4.2.6) lib/action_controller/metal/streaming.rb:217:in `_render_template'
  actionview (4.2.6) lib/action_view/rendering.rb:83:in `render_to_body'
  actionpack (4.2.6) lib/action_controller/metal/rendering.rb:32:in `render_to_body'
  actionpack (4.2.6) lib/action_controller/metal/renderers.rb:37:in `render_to_body'
  actionpack (4.2.6) lib/abstract_controller/rendering.rb:25:in `render'
  actionpack (4.2.6) lib/action_controller/metal/rendering.rb:16:in `render'
  actionpack (4.2.6) lib/action_controller/metal/instrumentation.rb:44:in `block (2 levels) in render'
  activesupport (4.2.6) lib/active_support/core_ext/benchmark.rb:12:in `block in ms'
  /Users/cassbaltz/.rbenv/versions/2.1.2/lib/ruby/2.1.0/benchmark.rb:294:in `realtime'
  activesupport (4.2.6) lib/active_support/core_ext/benchmark.rb:12:in `ms'
  actionpack (4.2.6) lib/action_controller/metal/instrumentation.rb:44:in `block in render'
  actionpack (4.2.6) lib/action_controller/metal/instrumentation.rb:87:in `cleanup_view_runtime'
  activerecord (4.2.6) lib/active_record/railties/controller_runtime.rb:25:in `cleanup_view_runtime'
  actionpack (4.2.6) lib/action_controller/metal/instrumentation.rb:43:in `render'
  actionpack (4.2.6) lib/action_controller/metal/implicit_render.rb:10:in `default_render'
  actionpack (4.2.6) lib/action_controller/metal/implicit_render.rb:5:in `send_action'
  actionpack (4.2.6) lib/abstract_controller/base.rb:198:in `process_action'
  actionpack (4.2.6) lib/action_controller/metal/rendering.rb:10:in `process_action'
  actionpack (4.2.6) lib/abstract_controller/callbacks.rb:20:in `block in process_action'
  activesupport (4.2.6) lib/active_support/callbacks.rb:117:in `call'
  activesupport (4.2.6) lib/active_support/callbacks.rb:555:in `block (2 levels) in compile'
  activesupport (4.2.6) lib/active_support/callbacks.rb:505:in `call'
  activesupport (4.2.6) lib/active_support/callbacks.rb:92:in `__run_callbacks__'
  activesupport (4.2.6) lib/active_support/callbacks.rb:778:in `_run_process_action_callbacks'
  activesupport (4.2.6) lib/active_support/callbacks.rb:81:in `run_callbacks'
  actionpack (4.2.6) lib/abstract_controller/callbacks.rb:19:in `process_action'
  actionpack (4.2.6) lib/action_controller/metal/rescue.rb:29:in `process_action'
  actionpack (4.2.6) lib/action_controller/metal/instrumentation.rb:32:in `block in process_action'
  activesupport (4.2.6) lib/active_support/notifications.rb:164:in `block in instrument'
  activesupport (4.2.6) lib/active_support/notifications/instrumenter.rb:20:in `instrument'
  activesupport (4.2.6) lib/active_support/notifications.rb:164:in `instrument'
  actionpack (4.2.6) lib/action_controller/metal/instrumentation.rb:30:in `process_action'
  actionpack (4.2.6) lib/action_controller/metal/params_wrapper.rb:250:in `process_action'
  activerecord (4.2.6) lib/active_record/railties/controller_runtime.rb:18:in `process_action'
  actionpack (4.2.6) lib/abstract_controller/base.rb:137:in `process'
  actionview (4.2.6) lib/action_view/rendering.rb:30:in `process'
  actionpack (4.2.6) lib/action_controller/metal.rb:196:in `dispatch'
  actionpack (4.2.6) lib/action_controller/metal/rack_delegation.rb:13:in `dispatch'
  actionpack (4.2.6) lib/action_controller/metal.rb:237:in `block in action'
  actionpack (4.2.6) lib/action_dispatch/routing/route_set.rb:74:in `dispatch'
  actionpack (4.2.6) lib/action_dispatch/routing/route_set.rb:43:in `serve'
  actionpack (4.2.6) lib/action_dispatch/journey/router.rb:43:in `block in serve'
  actionpack (4.2.6) lib/action_dispatch/journey/router.rb:30:in `serve'
  actionpack (4.2.6) lib/action_dispatch/routing/route_set.rb:817:in `call'
  rack (1.6.4) lib/rack/etag.rb:24:in `call'
  rack (1.6.4) lib/rack/conditionalget.rb:25:in `call'
  rack (1.6.4) lib/rack/head.rb:13:in `call'
  actionpack (4.2.6) lib/action_dispatch/middleware/params_parser.rb:27:in `call'
  actionpack (4.2.6) lib/action_dispatch/middleware/flash.rb:260:in `call'
  rack (1.6.4) lib/rack/session/abstract/id.rb:225:in `context'
  rack (1.6.4) lib/rack/session/abstract/id.rb:220:in `call'
  actionpack (4.2.6) lib/action_dispatch/middleware/cookies.rb:560:in `call'
  activerecord (4.2.6) lib/active_record/query_cache.rb:36:in `call'
  activerecord (4.2.6) lib/active_record/connection_adapters/abstract/connection_pool.rb:653:in `call'
  activerecord (4.2.6) lib/active_record/migration.rb:377:in `call'
  actionpack (4.2.6) lib/action_dispatch/middleware/callbacks.rb:29:in `block in call'
  activesupport (4.2.6) lib/active_support/callbacks.rb:88:in `__run_callbacks__'
  activesupport (4.2.6) lib/active_support/callbacks.rb:778:in `_run_call_callbacks'
  activesupport (4.2.6) lib/active_support/callbacks.rb:81:in `run_callbacks'
  actionpack (4.2.6) lib/action_dispatch/middleware/callbacks.rb:27:in `call'
  actionpack (4.2.6) lib/action_dispatch/middleware/reloader.rb:73:in `call'
  actionpack (4.2.6) lib/action_dispatch/middleware/remote_ip.rb:78:in `call'
  better_errors (2.1.1) lib/better_errors/middleware.rb:84:in `protected_app_call'
  better_errors (2.1.1) lib/better_errors/middleware.rb:79:in `better_errors_call'
  better_errors (2.1.1) lib/better_errors/middleware.rb:57:in `call'
  actionpack (4.2.6) lib/action_dispatch/middleware/debug_exceptions.rb:17:in `call'
  web-console (2.3.0) lib/web_console/middleware.rb:28:in `block in call'
  web-console (2.3.0) lib/web_console/middleware.rb:18:in `call'
  actionpack (4.2.6) lib/action_dispatch/middleware/show_exceptions.rb:30:in `call'
  railties (4.2.6) lib/rails/rack/logger.rb:38:in `call_app'
  railties (4.2.6) lib/rails/rack/logger.rb:20:in `block in call'
  activesupport (4.2.6) lib/active_support/tagged_logging.rb:68:in `block in tagged'
  activesupport (4.2.6) lib/active_support/tagged_logging.rb:26:in `tagged'
  activesupport (4.2.6) lib/active_support/tagged_logging.rb:68:in `tagged'
  railties (4.2.6) lib/rails/rack/logger.rb:20:in `call'
  actionpack (4.2.6) lib/action_dispatch/middleware/request_id.rb:21:in `call'
  rack (1.6.4) lib/rack/methodoverride.rb:22:in `call'
  rack (1.6.4) lib/rack/runtime.rb:18:in `call'
  activesupport (4.2.6) lib/active_support/cache/strategy/local_cache_middleware.rb:28:in `call'
  rack (1.6.4) lib/rack/lock.rb:17:in `call'
  actionpack (4.2.6) lib/action_dispatch/middleware/static.rb:120:in `call'
  rack (1.6.4) lib/rack/sendfile.rb:113:in `call'
  railties (4.2.6) lib/rails/engine.rb:518:in `call'
  railties (4.2.6) lib/rails/application.rb:165:in `call'
  rack (1.6.4) lib/rack/lock.rb:17:in `call'
  rack (1.6.4) lib/rack/content_length.rb:15:in `call'
  rack (1.6.4) lib/rack/handler/webrick.rb:88:in `service'
  /Users/cassbaltz/.rbenv/versions/2.1.2/lib/ruby/2.1.0/webrick/httpserver.rb:138:in `service'
  /Users/cassbaltz/.rbenv/versions/2.1.2/lib/ruby/2.1.0/webrick/httpserver.rb:94:in `run'
  /Users/cassbaltz/.rbenv/versions/2.1.2/lib/ruby/2.1.0/webrick/server.rb:295:in `block in start_thread'



Started POST "/__better_errors/e86a695cb5fbd33f/variables" for ::1 at 2016-09-20 10:05:47 -0400


Started GET "/" for ::1 at 2016-09-20 10:08:44 -0400
Processing by StaticPagesController#root as HTML
  Rendered static_pages/root.html.erb within layouts/application (4.0ms)
Completed 200 OK in 1595ms (Views: 1594.6ms | ActiveRecord: 0.0ms)


Started GET "/assets/static_pages.self-e3b0c44298fc1c149afbf4c8996fb92427ae41e4649b934ca495991b7852b855.css?body=1" for ::1 at 2016-09-20 10:08:46 -0400


Started GET "/assets/application.self-bc8154cd157bb3553deddef13a41e372ea727c1c39b74aceb341a90f68453d50.css?body=1" for ::1 at 2016-09-20 10:08:46 -0400


Started GET "/assets/jquery.self-bd7ddd393353a8d2480a622e80342adf488fb6006d667e8b42e4c0073393abee.js?body=1" for ::1 at 2016-09-20 10:08:46 -0400


Started GET "/assets/jquery_ujs.self-784a997f6726036b1993eb2217c9cb558e1cbb801c6da88105588c56f13b466a.js?body=1" for ::1 at 2016-09-20 10:08:46 -0400


Started GET "/assets/materialize/initial.self-79f269ead2aeaa809299033919f9128fa0d9700d0248cad0dcd6442ce43dc389.js?body=1" for ::1 at 2016-09-20 10:08:46 -0400


Started GET "/assets/materialize/jquery.easing.1.3.self-0170bc905fbddc075a56bdccce1be6a58f3713a14137b607ba9bd9f96fd7835f.js?body=1" for ::1 at 2016-09-20 10:08:46 -0400


Started GET "/assets/bundle.self-9492068b3377865c4e1713d54729b31450f32bb24867a49fb24d0942e21eb186.js?body=1" for ::1 at 2016-09-20 10:08:46 -0400


Started GET "/assets/materialize/animation.self-a1028b0bcf2e26331bedf7b90e81103f0707e69fdec488aa951de94b51987767.js?body=1" for ::1 at 2016-09-20 10:08:46 -0400


Started GET "/assets/materialize/velocity.min.self-5adbb81af5c205a959e06198156b4b31fcd57f02c592e3fb096d7b74e8f401a6.js?body=1" for ::1 at 2016-09-20 10:08:46 -0400


Started GET "/assets/materialize/hammer.min.self-bf8bdb0953b1a135f96716e362e1f7a8e64168c914fa77ca31973bb70e57a731.js?body=1" for ::1 at 2016-09-20 10:08:46 -0400


Started GET "/assets/materialize/jquery.hammer.self-73fd69102f356b9abfc9ee242b19895f62454f42cfcfa1f066be71d2c8f41c7a.js?body=1" for ::1 at 2016-09-20 10:08:46 -0400


Started GET "/assets/materialize/global.self-90649deff3358499c5859330da1363eea3e2bef75c80df5940f3894778f95027.js?body=1" for ::1 at 2016-09-20 10:08:46 -0400


Started GET "/assets/materialize/collapsible.self-4c13fea644257c8f9384721f7d3bc27bced51754ddf3602b56093e2450a5d9c2.js?body=1" for ::1 at 2016-09-20 10:08:46 -0400


Started GET "/assets/materialize/dropdown.self-9cc5a781f54a4e273cde4a9d213ac101bf5875aaf02ee6e4abf1e43be84e747d.js?body=1" for ::1 at 2016-09-20 10:08:46 -0400


Started GET "/assets/materialize/leanModal.self-075befa387f6509a7504fc07beafcc796c44969652edcb2d71eedffd8e2ace01.js?body=1" for ::1 at 2016-09-20 10:08:46 -0400


Started GET "/assets/materialize/materialbox.self-8572736f9d17261189da8a9fc91555d63b29498f4f8665328e28261c7c4cdb68.js?body=1" for ::1 at 2016-09-20 10:08:46 -0400


Started GET "/assets/materialize/parallax.self-7ac34f0f3dcef83deee116ea473a2770cec13e07c8e0dcce08cc2372bbe295d3.js?body=1" for ::1 at 2016-09-20 10:08:46 -0400


Started GET "/assets/materialize/tabs.self-7f70bb766a49a1ad704b8f5988610277c8ec224c4d122cbea69e9309e6796d48.js?body=1" for ::1 at 2016-09-20 10:08:46 -0400


Started GET "/assets/materialize/tooltip.self-7de1b1d9042095a500be33ae68b9c7541dee8adf8ffa47bff413b87ab330fe63.js?body=1" for ::1 at 2016-09-20 10:08:47 -0400


Started GET "/assets/materialize/waves.self-26e9b9cfaa9ccbc292ed510f654bd279d69695f5337a14c9800b36e92f96735b.js?body=1" for ::1 at 2016-09-20 10:08:47 -0400


Started GET "/assets/materialize/toasts.self-1eaa9f33c4c3b83f381997876ba6ac53899a5ca72a6b401708c32625fc553adc.js?body=1" for ::1 at 2016-09-20 10:08:47 -0400


Started GET "/assets/materialize/sideNav.self-de5e615b7a32eb9e55ffc9573e4186ef01339badef5ecb1f3f6d591686f49ac8.js?body=1" for ::1 at 2016-09-20 10:08:47 -0400


Started GET "/assets/materialize/scrollspy.self-5da2f9f196dc8f650ace037d487312180c62dc268dd19f45728c116284134207.js?body=1" for ::1 at 2016-09-20 10:08:47 -0400


Started GET "/assets/materialize/forms.self-d9743bd4515fb298375d55740daf85a261d1aa2e15a741cd1f609a38d833fc71.js?body=1" for ::1 at 2016-09-20 10:08:47 -0400


Started GET "/assets/materialize/slider.self-b650f99d1b28549db2e7d5b078540fa65aabbb2548e0a378a85cc6b4285fe438.js?body=1" for ::1 at 2016-09-20 10:08:47 -0400


Started GET "/assets/materialize/cards.self-896c5463a922395c54787a06d69191fbbbbb8bff604b577f505b2da80d9e5e1a.js?body=1" for ::1 at 2016-09-20 10:08:47 -0400


Started GET "/assets/materialize/chips.self-f132c07f55be9466a02329f8686ccaa06c011000aa9c975279debc158feed7a8.js?body=1" for ::1 at 2016-09-20 10:08:47 -0400


Started GET "/assets/materialize/pushpin.self-b6217071e4b33cf2ce5742d81537d6f36b046c5f8fd115a01e4239cff1acd598.js?body=1" for ::1 at 2016-09-20 10:08:47 -0400


Started GET "/assets/materialize/buttons.self-fc0951c300b1984a00694eabc8c451531be448d646ac073b05e4d2fbf7209302.js?body=1" for ::1 at 2016-09-20 10:08:47 -0400


Started GET "/assets/materialize/transitions.self-fd67a28daa2e92c441a55cdda3d20b34a7e5c5fbb9c6d62ca2aeba52b3ed93a3.js?body=1" for ::1 at 2016-09-20 10:08:47 -0400


Started GET "/assets/materialize/scrollFire.self-51d8aca762cd14871dbf39aad2bc0213e799f1aa314e75c267fdfd92cfd87e0e.js?body=1" for ::1 at 2016-09-20 10:08:47 -0400


Started GET "/assets/materialize/date_picker/picker.self-7a9d1216fe1172f8e8fd78fb86cfd4da25c909ebd6983cba5da20817d437d92b.js?body=1" for ::1 at 2016-09-20 10:08:47 -0400


Started GET "/assets/materialize/date_picker/picker.date.self-5924b278beda2df8570f137f72b37e2d0f516acbc11a0994d1abb74380f078ef.js?body=1" for ::1 at 2016-09-20 10:08:47 -0400


Started GET "/assets/materialize/character_counter.self-8bb854e15067a96db5bff6896d1d9435e4df83cf5bf6877a1d606940661d2588.js?body=1" for ::1 at 2016-09-20 10:08:47 -0400


Started GET "/assets/materialize/carousel.self-5f77aa051ee2f35168c30e604c294173a3d9c9f19ac5b6dc0a3c9cf0ea39c697.js?body=1" for ::1 at 2016-09-20 10:08:47 -0400


Started GET "/assets/materialize-sprockets.self-1374c0ecff9f5520ea4a144c5754ae434cfea5ca52ec9af6e9916f20bd9275ed.js?body=1" for ::1 at 2016-09-20 10:08:47 -0400


Started GET "/assets/static_pages.self-877aef30ae1b040ab8a3aba4e3e309a11d7f2612f44dde450b5c157aa5f95c05.js?body=1" for ::1 at 2016-09-20 10:08:47 -0400


Started GET "/assets/application.self-f8806224e027f3e3f0138ea9ce99319e298dfdb323304d1f1be6eae8e8c74724.js?body=1" for ::1 at 2016-09-20 10:08:47 -0400


Started GET "/assets/roboto/Roboto-Regular-b5c9c23bd12593523a46d79dd0aee80e3226bbde4c9ac05fc30a95e2c1510de0.woff2" for ::1 at 2016-09-20 10:08:47 -0400


Started GET "/" for ::1 at 2016-09-20 10:49:14 -0400
Processing by StaticPagesController#root as HTML
  Rendered static_pages/root.html.erb within layouts/application (3.8ms)
Completed 500 Internal Server Error in 149ms (ActiveRecord: 0.0ms)

Sprockets::FileNotFound - couldn't find file 'bundl' with type 'application/javascript'
Checked in these paths: 
  /Users/cassbaltz/Desktop/DuJour/app/assets/images
  /Users/cassbaltz/Desktop/DuJour/app/assets/javascripts
  /Users/cassbaltz/Desktop/DuJour/app/assets/stylesheets
  /Users/cassbaltz/Desktop/DuJour/vendor/assets/javascripts
  /Users/cassbaltz/Desktop/DuJour/vendor/assets/stylesheets
  /Users/cassbaltz/.rbenv/versions/2.1.2/lib/ruby/gems/2.1.0/gems/materialize-sass-0.97.7/app/assets/fonts
  /Users/cassbaltz/.rbenv/versions/2.1.2/lib/ruby/gems/2.1.0/gems/materialize-sass-0.97.7/app/assets/javascripts
  /Users/cassbaltz/.rbenv/versions/2.1.2/lib/ruby/gems/2.1.0/gems/materialize-sass-0.97.7/app/assets/stylesheets
  /Users/cassbaltz/.rbenv/versions/2.1.2/lib/ruby/gems/2.1.0/gems/jquery-rails-4.2.1/vendor/assets/javascripts
  /Users/cassbaltz/.rbenv/versions/2.1.2/lib/ruby/gems/2.1.0/gems/coffee-rails-4.1.1/lib/assets/javascripts
  /Users/cassbaltz/.rbenv/versions/2.1.2/lib/ruby/gems/2.1.0/gems/materialize-sass-0.97.7/app/assets/stylesheets
  /Users/cassbaltz/.rbenv/versions/2.1.2/lib/ruby/gems/2.1.0/gems/materialize-sass-0.97.7/app/assets/javascripts
  /Users/cassbaltz/.rbenv/versions/2.1.2/lib/ruby/gems/2.1.0/gems/materialize-sass-0.97.7/app/assets/fonts
  /Users/cassbaltz/.rbenv/versions/2.1.2/lib/ruby/gems/2.1.0/gems/materialize-sass-0.97.7/app/assets/images:
  sprockets (3.7.0) lib/sprockets/directive_processor.rb:182:in `rescue in block in process_directives'
  sprockets (3.7.0) lib/sprockets/directive_processor.rb:179:in `block in process_directives'
  sprockets (3.7.0) lib/sprockets/directive_processor.rb:178:in `process_directives'
  sprockets (3.7.0) lib/sprockets/directive_processor.rb:83:in `_call'
  sprockets (3.7.0) lib/sprockets/directive_processor.rb:68:in `call'
  sprockets (3.7.0) lib/sprockets/processor_utils.rb:75:in `call_processor'
  sprockets (3.7.0) lib/sprockets/processor_utils.rb:57:in `block in call_processors'
  sprockets (3.7.0) lib/sprockets/processor_utils.rb:56:in `call_processors'
  sprockets (3.7.0) lib/sprockets/loader.rb:134:in `load_from_unloaded'
  sprockets (3.7.0) lib/sprockets/loader.rb:60:in `block in load'
  sprockets (3.7.0) lib/sprockets/loader.rb:317:in `fetch_asset_from_dependency_cache'
  sprockets (3.7.0) lib/sprockets/loader.rb:44:in `load'
  sprockets (3.7.0) lib/sprockets/cached_environment.rb:20:in `block in initialize'
  sprockets (3.7.0) lib/sprockets/cached_environment.rb:47:in `load'
  sprockets (3.7.0) lib/sprockets/bundle.rb:23:in `block in call'
  sprockets (3.7.0) lib/sprockets/utils.rb:196:in `dfs'
  sprockets (3.7.0) lib/sprockets/bundle.rb:24:in `call'
  sprockets (3.7.0) lib/sprockets/processor_utils.rb:75:in `call_processor'
  sprockets (3.7.0) lib/sprockets/processor_utils.rb:57:in `block in call_processors'
  sprockets (3.7.0) lib/sprockets/processor_utils.rb:56:in `call_processors'
  sprockets (3.7.0) lib/sprockets/loader.rb:134:in `load_from_unloaded'
  sprockets (3.7.0) lib/sprockets/loader.rb:60:in `block in load'
  sprockets (3.7.0) lib/sprockets/loader.rb:317:in `fetch_asset_from_dependency_cache'
  sprockets (3.7.0) lib/sprockets/loader.rb:44:in `load'
  sprockets (3.7.0) lib/sprockets/cached_environment.rb:20:in `block in initialize'
  sprockets (3.7.0) lib/sprockets/cached_environment.rb:47:in `load'
  sprockets (3.7.0) lib/sprockets/base.rb:66:in `find_asset'
  sprockets (3.7.0) lib/sprockets/base.rb:92:in `[]'
  sprockets-rails (3.2.0) lib/sprockets/rails/helper.rb:355:in `find_asset'
  sprockets-rails (3.2.0) lib/sprockets/rails/helper.rb:347:in `find_debug_asset'
  sprockets-rails (3.2.0) lib/sprockets/rails/helper.rb:229:in `block in lookup_debug_asset'
  sprockets-rails (3.2.0) lib/sprockets/rails/helper.rb:242:in `block in resolve_asset'
  sprockets-rails (3.2.0) lib/sprockets/rails/helper.rb:241:in `resolve_asset'
  sprockets-rails (3.2.0) lib/sprockets/rails/helper.rb:228:in `lookup_debug_asset'
  sprockets-rails (3.2.0) lib/sprockets/rails/helper.rb:141:in `block in javascript_include_tag'
  sprockets-rails (3.2.0) lib/sprockets/rails/helper.rb:140:in `javascript_include_tag'
  app/views/layouts/application.html.erb:6:in `_app_views_layouts_application_html_erb__2163995588182464227_70104375112520'
  actionview (4.2.6) lib/action_view/template.rb:145:in `block in render'
  activesupport (4.2.6) lib/active_support/notifications.rb:166:in `instrument'
  actionview (4.2.6) lib/action_view/template.rb:333:in `instrument'
  actionview (4.2.6) lib/action_view/template.rb:143:in `render'
  actionview (4.2.6) lib/action_view/renderer/template_renderer.rb:66:in `render_with_layout'
  actionview (4.2.6) lib/action_view/renderer/template_renderer.rb:52:in `render_template'
  actionview (4.2.6) lib/action_view/renderer/template_renderer.rb:14:in `render'
  actionview (4.2.6) lib/action_view/renderer/renderer.rb:46:in `render_template'
  actionview (4.2.6) lib/action_view/renderer/renderer.rb:27:in `render'
  actionview (4.2.6) lib/action_view/rendering.rb:100:in `_render_template'
  actionpack (4.2.6) lib/action_controller/metal/streaming.rb:217:in `_render_template'
  actionview (4.2.6) lib/action_view/rendering.rb:83:in `render_to_body'
  actionpack (4.2.6) lib/action_controller/metal/rendering.rb:32:in `render_to_body'
  actionpack (4.2.6) lib/action_controller/metal/renderers.rb:37:in `render_to_body'
  actionpack (4.2.6) lib/abstract_controller/rendering.rb:25:in `render'
  actionpack (4.2.6) lib/action_controller/metal/rendering.rb:16:in `render'
  actionpack (4.2.6) lib/action_controller/metal/instrumentation.rb:44:in `block (2 levels) in render'
  activesupport (4.2.6) lib/active_support/core_ext/benchmark.rb:12:in `block in ms'
  /Users/cassbaltz/.rbenv/versions/2.1.2/lib/ruby/2.1.0/benchmark.rb:294:in `realtime'
  activesupport (4.2.6) lib/active_support/core_ext/benchmark.rb:12:in `ms'
  actionpack (4.2.6) lib/action_controller/metal/instrumentation.rb:44:in `block in render'
  actionpack (4.2.6) lib/action_controller/metal/instrumentation.rb:87:in `cleanup_view_runtime'
  activerecord (4.2.6) lib/active_record/railties/controller_runtime.rb:25:in `cleanup_view_runtime'
  actionpack (4.2.6) lib/action_controller/metal/instrumentation.rb:43:in `render'
  actionpack (4.2.6) lib/action_controller/metal/implicit_render.rb:10:in `default_render'
  actionpack (4.2.6) lib/action_controller/metal/implicit_render.rb:5:in `send_action'
  actionpack (4.2.6) lib/abstract_controller/base.rb:198:in `process_action'
  actionpack (4.2.6) lib/action_controller/metal/rendering.rb:10:in `process_action'
  actionpack (4.2.6) lib/abstract_controller/callbacks.rb:20:in `block in process_action'
  activesupport (4.2.6) lib/active_support/callbacks.rb:117:in `call'
  activesupport (4.2.6) lib/active_support/callbacks.rb:555:in `block (2 levels) in compile'
  activesupport (4.2.6) lib/active_support/callbacks.rb:505:in `call'
  activesupport (4.2.6) lib/active_support/callbacks.rb:92:in `__run_callbacks__'
  activesupport (4.2.6) lib/active_support/callbacks.rb:778:in `_run_process_action_callbacks'
  activesupport (4.2.6) lib/active_support/callbacks.rb:81:in `run_callbacks'
  actionpack (4.2.6) lib/abstract_controller/callbacks.rb:19:in `process_action'
  actionpack (4.2.6) lib/action_controller/metal/rescue.rb:29:in `process_action'
  actionpack (4.2.6) lib/action_controller/metal/instrumentation.rb:32:in `block in process_action'
  activesupport (4.2.6) lib/active_support/notifications.rb:164:in `block in instrument'
  activesupport (4.2.6) lib/active_support/notifications/instrumenter.rb:20:in `instrument'
  activesupport (4.2.6) lib/active_support/notifications.rb:164:in `instrument'
  actionpack (4.2.6) lib/action_controller/metal/instrumentation.rb:30:in `process_action'
  actionpack (4.2.6) lib/action_controller/metal/params_wrapper.rb:250:in `process_action'
  activerecord (4.2.6) lib/active_record/railties/controller_runtime.rb:18:in `process_action'
  actionpack (4.2.6) lib/abstract_controller/base.rb:137:in `process'
  actionview (4.2.6) lib/action_view/rendering.rb:30:in `process'
  actionpack (4.2.6) lib/action_controller/metal.rb:196:in `dispatch'
  actionpack (4.2.6) lib/action_controller/metal/rack_delegation.rb:13:in `dispatch'
  actionpack (4.2.6) lib/action_controller/metal.rb:237:in `block in action'
  actionpack (4.2.6) lib/action_dispatch/routing/route_set.rb:74:in `dispatch'
  actionpack (4.2.6) lib/action_dispatch/routing/route_set.rb:43:in `serve'
  actionpack (4.2.6) lib/action_dispatch/journey/router.rb:43:in `block in serve'
  actionpack (4.2.6) lib/action_dispatch/journey/router.rb:30:in `serve'
  actionpack (4.2.6) lib/action_dispatch/routing/route_set.rb:817:in `call'
  rack (1.6.4) lib/rack/etag.rb:24:in `call'
  rack (1.6.4) lib/rack/conditionalget.rb:25:in `call'
  rack (1.6.4) lib/rack/head.rb:13:in `call'
  actionpack (4.2.6) lib/action_dispatch/middleware/params_parser.rb:27:in `call'
  actionpack (4.2.6) lib/action_dispatch/middleware/flash.rb:260:in `call'
  rack (1.6.4) lib/rack/session/abstract/id.rb:225:in `context'
  rack (1.6.4) lib/rack/session/abstract/id.rb:220:in `call'
  actionpack (4.2.6) lib/action_dispatch/middleware/cookies.rb:560:in `call'
  activerecord (4.2.6) lib/active_record/query_cache.rb:36:in `call'
  activerecord (4.2.6) lib/active_record/connection_adapters/abstract/connection_pool.rb:653:in `call'
  activerecord (4.2.6) lib/active_record/migration.rb:377:in `call'
  actionpack (4.2.6) lib/action_dispatch/middleware/callbacks.rb:29:in `block in call'
  activesupport (4.2.6) lib/active_support/callbacks.rb:88:in `__run_callbacks__'
  activesupport (4.2.6) lib/active_support/callbacks.rb:778:in `_run_call_callbacks'
  activesupport (4.2.6) lib/active_support/callbacks.rb:81:in `run_callbacks'
  actionpack (4.2.6) lib/action_dispatch/middleware/callbacks.rb:27:in `call'
  actionpack (4.2.6) lib/action_dispatch/middleware/reloader.rb:73:in `call'
  actionpack (4.2.6) lib/action_dispatch/middleware/remote_ip.rb:78:in `call'
  better_errors (2.1.1) lib/better_errors/middleware.rb:84:in `protected_app_call'
  better_errors (2.1.1) lib/better_errors/middleware.rb:79:in `better_errors_call'
  better_errors (2.1.1) lib/better_errors/middleware.rb:57:in `call'
  actionpack (4.2.6) lib/action_dispatch/middleware/debug_exceptions.rb:17:in `call'
  web-console (2.3.0) lib/web_console/middleware.rb:28:in `block in call'
  web-console (2.3.0) lib/web_console/middleware.rb:18:in `call'
  actionpack (4.2.6) lib/action_dispatch/middleware/show_exceptions.rb:30:in `call'
  railties (4.2.6) lib/rails/rack/logger.rb:38:in `call_app'
  railties (4.2.6) lib/rails/rack/logger.rb:20:in `block in call'
  activesupport (4.2.6) lib/active_support/tagged_logging.rb:68:in `block in tagged'
  activesupport (4.2.6) lib/active_support/tagged_logging.rb:26:in `tagged'
  activesupport (4.2.6) lib/active_support/tagged_logging.rb:68:in `tagged'
  railties (4.2.6) lib/rails/rack/logger.rb:20:in `call'
  actionpack (4.2.6) lib/action_dispatch/middleware/request_id.rb:21:in `call'
  rack (1.6.4) lib/rack/methodoverride.rb:22:in `call'
  rack (1.6.4) lib/rack/runtime.rb:18:in `call'
  activesupport (4.2.6) lib/active_support/cache/strategy/local_cache_middleware.rb:28:in `call'
  rack (1.6.4) lib/rack/lock.rb:17:in `call'
  actionpack (4.2.6) lib/action_dispatch/middleware/static.rb:120:in `call'
  rack (1.6.4) lib/rack/sendfile.rb:113:in `call'
  railties (4.2.6) lib/rails/engine.rb:518:in `call'
  railties (4.2.6) lib/rails/application.rb:165:in `call'
  rack (1.6.4) lib/rack/lock.rb:17:in `call'
  rack (1.6.4) lib/rack/content_length.rb:15:in `call'
  rack (1.6.4) lib/rack/handler/webrick.rb:88:in `service'
  /Users/cassbaltz/.rbenv/versions/2.1.2/lib/ruby/2.1.0/webrick/httpserver.rb:138:in `service'
  /Users/cassbaltz/.rbenv/versions/2.1.2/lib/ruby/2.1.0/webrick/httpserver.rb:94:in `run'
  /Users/cassbaltz/.rbenv/versions/2.1.2/lib/ruby/2.1.0/webrick/server.rb:295:in `block in start_thread'



Started POST "/__better_errors/423158426a7ef4bb/variables" for ::1 at 2016-09-20 10:49:15 -0400


Started GET "/" for ::1 at 2016-09-20 10:49:35 -0400
Processing by StaticPagesController#root as HTML
  Rendered static_pages/root.html.erb within layouts/application (0.1ms)
Completed 500 Internal Server Error in 41ms (ActiveRecord: 0.0ms)

Sprockets::FileNotFound - couldn't find file 'bundl' with type 'application/javascript'
Checked in these paths: 
  /Users/cassbaltz/Desktop/DuJour/app/assets/images
  /Users/cassbaltz/Desktop/DuJour/app/assets/javascripts
  /Users/cassbaltz/Desktop/DuJour/app/assets/stylesheets
  /Users/cassbaltz/Desktop/DuJour/vendor/assets/javascripts
  /Users/cassbaltz/Desktop/DuJour/vendor/assets/stylesheets
  /Users/cassbaltz/.rbenv/versions/2.1.2/lib/ruby/gems/2.1.0/gems/materialize-sass-0.97.7/app/assets/fonts
  /Users/cassbaltz/.rbenv/versions/2.1.2/lib/ruby/gems/2.1.0/gems/materialize-sass-0.97.7/app/assets/javascripts
  /Users/cassbaltz/.rbenv/versions/2.1.2/lib/ruby/gems/2.1.0/gems/materialize-sass-0.97.7/app/assets/stylesheets
  /Users/cassbaltz/.rbenv/versions/2.1.2/lib/ruby/gems/2.1.0/gems/jquery-rails-4.2.1/vendor/assets/javascripts
  /Users/cassbaltz/.rbenv/versions/2.1.2/lib/ruby/gems/2.1.0/gems/coffee-rails-4.1.1/lib/assets/javascripts
  /Users/cassbaltz/.rbenv/versions/2.1.2/lib/ruby/gems/2.1.0/gems/materialize-sass-0.97.7/app/assets/stylesheets
  /Users/cassbaltz/.rbenv/versions/2.1.2/lib/ruby/gems/2.1.0/gems/materialize-sass-0.97.7/app/assets/javascripts
  /Users/cassbaltz/.rbenv/versions/2.1.2/lib/ruby/gems/2.1.0/gems/materialize-sass-0.97.7/app/assets/fonts
  /Users/cassbaltz/.rbenv/versions/2.1.2/lib/ruby/gems/2.1.0/gems/materialize-sass-0.97.7/app/assets/images:
  sprockets (3.7.0) lib/sprockets/directive_processor.rb:182:in `rescue in block in process_directives'
  sprockets (3.7.0) lib/sprockets/directive_processor.rb:179:in `block in process_directives'
  sprockets (3.7.0) lib/sprockets/directive_processor.rb:178:in `process_directives'
  sprockets (3.7.0) lib/sprockets/directive_processor.rb:83:in `_call'
  sprockets (3.7.0) lib/sprockets/directive_processor.rb:68:in `call'
  sprockets (3.7.0) lib/sprockets/processor_utils.rb:75:in `call_processor'
  sprockets (3.7.0) lib/sprockets/processor_utils.rb:57:in `block in call_processors'
  sprockets (3.7.0) lib/sprockets/processor_utils.rb:56:in `call_processors'
  sprockets (3.7.0) lib/sprockets/loader.rb:134:in `load_from_unloaded'
  sprockets (3.7.0) lib/sprockets/loader.rb:60:in `block in load'
  sprockets (3.7.0) lib/sprockets/loader.rb:317:in `fetch_asset_from_dependency_cache'
  sprockets (3.7.0) lib/sprockets/loader.rb:44:in `load'
  sprockets (3.7.0) lib/sprockets/cached_environment.rb:20:in `block in initialize'
  sprockets (3.7.0) lib/sprockets/cached_environment.rb:47:in `load'
  sprockets (3.7.0) lib/sprockets/bundle.rb:23:in `block in call'
  sprockets (3.7.0) lib/sprockets/utils.rb:196:in `dfs'
  sprockets (3.7.0) lib/sprockets/bundle.rb:24:in `call'
  sprockets (3.7.0) lib/sprockets/processor_utils.rb:75:in `call_processor'
  sprockets (3.7.0) lib/sprockets/processor_utils.rb:57:in `block in call_processors'
  sprockets (3.7.0) lib/sprockets/processor_utils.rb:56:in `call_processors'
  sprockets (3.7.0) lib/sprockets/loader.rb:134:in `load_from_unloaded'
  sprockets (3.7.0) lib/sprockets/loader.rb:60:in `block in load'
  sprockets (3.7.0) lib/sprockets/loader.rb:317:in `fetch_asset_from_dependency_cache'
  sprockets (3.7.0) lib/sprockets/loader.rb:44:in `load'
  sprockets (3.7.0) lib/sprockets/cached_environment.rb:20:in `block in initialize'
  sprockets (3.7.0) lib/sprockets/cached_environment.rb:47:in `load'
  sprockets (3.7.0) lib/sprockets/base.rb:66:in `find_asset'
  sprockets (3.7.0) lib/sprockets/base.rb:92:in `[]'
  sprockets-rails (3.2.0) lib/sprockets/rails/helper.rb:355:in `find_asset'
  sprockets-rails (3.2.0) lib/sprockets/rails/helper.rb:347:in `find_debug_asset'
  sprockets-rails (3.2.0) lib/sprockets/rails/helper.rb:229:in `block in lookup_debug_asset'
  sprockets-rails (3.2.0) lib/sprockets/rails/helper.rb:242:in `block in resolve_asset'
  sprockets-rails (3.2.0) lib/sprockets/rails/helper.rb:241:in `resolve_asset'
  sprockets-rails (3.2.0) lib/sprockets/rails/helper.rb:228:in `lookup_debug_asset'
  sprockets-rails (3.2.0) lib/sprockets/rails/helper.rb:141:in `block in javascript_include_tag'
  sprockets-rails (3.2.0) lib/sprockets/rails/helper.rb:140:in `javascript_include_tag'
  app/views/layouts/application.html.erb:6:in `_app_views_layouts_application_html_erb__2163995588182464227_70104375112520'
  actionview (4.2.6) lib/action_view/template.rb:145:in `block in render'
  activesupport (4.2.6) lib/active_support/notifications.rb:166:in `instrument'
  actionview (4.2.6) lib/action_view/template.rb:333:in `instrument'
  actionview (4.2.6) lib/action_view/template.rb:143:in `render'
  actionview (4.2.6) lib/action_view/renderer/template_renderer.rb:66:in `render_with_layout'
  actionview (4.2.6) lib/action_view/renderer/template_renderer.rb:52:in `render_template'
  actionview (4.2.6) lib/action_view/renderer/template_renderer.rb:14:in `render'
  actionview (4.2.6) lib/action_view/renderer/renderer.rb:46:in `render_template'
  actionview (4.2.6) lib/action_view/renderer/renderer.rb:27:in `render'
  actionview (4.2.6) lib/action_view/rendering.rb:100:in `_render_template'
  actionpack (4.2.6) lib/action_controller/metal/streaming.rb:217:in `_render_template'
  actionview (4.2.6) lib/action_view/rendering.rb:83:in `render_to_body'
  actionpack (4.2.6) lib/action_controller/metal/rendering.rb:32:in `render_to_body'
  actionpack (4.2.6) lib/action_controller/metal/renderers.rb:37:in `render_to_body'
  actionpack (4.2.6) lib/abstract_controller/rendering.rb:25:in `render'
  actionpack (4.2.6) lib/action_controller/metal/rendering.rb:16:in `render'
  actionpack (4.2.6) lib/action_controller/metal/instrumentation.rb:44:in `block (2 levels) in render'
  activesupport (4.2.6) lib/active_support/core_ext/benchmark.rb:12:in `block in ms'
  /Users/cassbaltz/.rbenv/versions/2.1.2/lib/ruby/2.1.0/benchmark.rb:294:in `realtime'
  activesupport (4.2.6) lib/active_support/core_ext/benchmark.rb:12:in `ms'
  actionpack (4.2.6) lib/action_controller/metal/instrumentation.rb:44:in `block in render'
  actionpack (4.2.6) lib/action_controller/metal/instrumentation.rb:87:in `cleanup_view_runtime'
  activerecord (4.2.6) lib/active_record/railties/controller_runtime.rb:25:in `cleanup_view_runtime'
  actionpack (4.2.6) lib/action_controller/metal/instrumentation.rb:43:in `render'
  actionpack (4.2.6) lib/action_controller/metal/implicit_render.rb:10:in `default_render'
  actionpack (4.2.6) lib/action_controller/metal/implicit_render.rb:5:in `send_action'
  actionpack (4.2.6) lib/abstract_controller/base.rb:198:in `process_action'
  actionpack (4.2.6) lib/action_controller/metal/rendering.rb:10:in `process_action'
  actionpack (4.2.6) lib/abstract_controller/callbacks.rb:20:in `block in process_action'
  activesupport (4.2.6) lib/active_support/callbacks.rb:117:in `call'
  activesupport (4.2.6) lib/active_support/callbacks.rb:555:in `block (2 levels) in compile'
  activesupport (4.2.6) lib/active_support/callbacks.rb:505:in `call'
  activesupport (4.2.6) lib/active_support/callbacks.rb:92:in `__run_callbacks__'
  activesupport (4.2.6) lib/active_support/callbacks.rb:778:in `_run_process_action_callbacks'
  activesupport (4.2.6) lib/active_support/callbacks.rb:81:in `run_callbacks'
  actionpack (4.2.6) lib/abstract_controller/callbacks.rb:19:in `process_action'
  actionpack (4.2.6) lib/action_controller/metal/rescue.rb:29:in `process_action'
  actionpack (4.2.6) lib/action_controller/metal/instrumentation.rb:32:in `block in process_action'
  activesupport (4.2.6) lib/active_support/notifications.rb:164:in `block in instrument'
  activesupport (4.2.6) lib/active_support/notifications/instrumenter.rb:20:in `instrument'
  activesupport (4.2.6) lib/active_support/notifications.rb:164:in `instrument'
  actionpack (4.2.6) lib/action_controller/metal/instrumentation.rb:30:in `process_action'
  actionpack (4.2.6) lib/action_controller/metal/params_wrapper.rb:250:in `process_action'
  activerecord (4.2.6) lib/active_record/railties/controller_runtime.rb:18:in `process_action'
  actionpack (4.2.6) lib/abstract_controller/base.rb:137:in `process'
  actionview (4.2.6) lib/action_view/rendering.rb:30:in `process'
  actionpack (4.2.6) lib/action_controller/metal.rb:196:in `dispatch'
  actionpack (4.2.6) lib/action_controller/metal/rack_delegation.rb:13:in `dispatch'
  actionpack (4.2.6) lib/action_controller/metal.rb:237:in `block in action'
  actionpack (4.2.6) lib/action_dispatch/routing/route_set.rb:74:in `dispatch'
  actionpack (4.2.6) lib/action_dispatch/routing/route_set.rb:43:in `serve'
  actionpack (4.2.6) lib/action_dispatch/journey/router.rb:43:in `block in serve'
  actionpack (4.2.6) lib/action_dispatch/journey/router.rb:30:in `serve'
  actionpack (4.2.6) lib/action_dispatch/routing/route_set.rb:817:in `call'
  rack (1.6.4) lib/rack/etag.rb:24:in `call'
  rack (1.6.4) lib/rack/conditionalget.rb:25:in `call'
  rack (1.6.4) lib/rack/head.rb:13:in `call'
  actionpack (4.2.6) lib/action_dispatch/middleware/params_parser.rb:27:in `call'
  actionpack (4.2.6) lib/action_dispatch/middleware/flash.rb:260:in `call'
  rack (1.6.4) lib/rack/session/abstract/id.rb:225:in `context'
  rack (1.6.4) lib/rack/session/abstract/id.rb:220:in `call'
  actionpack (4.2.6) lib/action_dispatch/middleware/cookies.rb:560:in `call'
  activerecord (4.2.6) lib/active_record/query_cache.rb:36:in `call'
  activerecord (4.2.6) lib/active_record/connection_adapters/abstract/connection_pool.rb:653:in `call'
  activerecord (4.2.6) lib/active_record/migration.rb:377:in `call'
  actionpack (4.2.6) lib/action_dispatch/middleware/callbacks.rb:29:in `block in call'
  activesupport (4.2.6) lib/active_support/callbacks.rb:88:in `__run_callbacks__'
  activesupport (4.2.6) lib/active_support/callbacks.rb:778:in `_run_call_callbacks'
  activesupport (4.2.6) lib/active_support/callbacks.rb:81:in `run_callbacks'
  actionpack (4.2.6) lib/action_dispatch/middleware/callbacks.rb:27:in `call'
  actionpack (4.2.6) lib/action_dispatch/middleware/reloader.rb:73:in `call'
  actionpack (4.2.6) lib/action_dispatch/middleware/remote_ip.rb:78:in `call'
  better_errors (2.1.1) lib/better_errors/middleware.rb:84:in `protected_app_call'
  better_errors (2.1.1) lib/better_errors/middleware.rb:79:in `better_errors_call'
  better_errors (2.1.1) lib/better_errors/middleware.rb:57:in `call'
  actionpack (4.2.6) lib/action_dispatch/middleware/debug_exceptions.rb:17:in `call'
  web-console (2.3.0) lib/web_console/middleware.rb:28:in `block in call'
  web-console (2.3.0) lib/web_console/middleware.rb:18:in `call'
  actionpack (4.2.6) lib/action_dispatch/middleware/show_exceptions.rb:30:in `call'
  railties (4.2.6) lib/rails/rack/logger.rb:38:in `call_app'
  railties (4.2.6) lib/rails/rack/logger.rb:20:in `block in call'
  activesupport (4.2.6) lib/active_support/tagged_logging.rb:68:in `block in tagged'
  activesupport (4.2.6) lib/active_support/tagged_logging.rb:26:in `tagged'
  activesupport (4.2.6) lib/active_support/tagged_logging.rb:68:in `tagged'
  railties (4.2.6) lib/rails/rack/logger.rb:20:in `call'
  actionpack (4.2.6) lib/action_dispatch/middleware/request_id.rb:21:in `call'
  rack (1.6.4) lib/rack/methodoverride.rb:22:in `call'
  rack (1.6.4) lib/rack/runtime.rb:18:in `call'
  activesupport (4.2.6) lib/active_support/cache/strategy/local_cache_middleware.rb:28:in `call'
  rack (1.6.4) lib/rack/lock.rb:17:in `call'
  actionpack (4.2.6) lib/action_dispatch/middleware/static.rb:120:in `call'
  rack (1.6.4) lib/rack/sendfile.rb:113:in `call'
  railties (4.2.6) lib/rails/engine.rb:518:in `call'
  railties (4.2.6) lib/rails/application.rb:165:in `call'
  rack (1.6.4) lib/rack/lock.rb:17:in `call'
  rack (1.6.4) lib/rack/content_length.rb:15:in `call'
  rack (1.6.4) lib/rack/handler/webrick.rb:88:in `service'
  /Users/cassbaltz/.rbenv/versions/2.1.2/lib/ruby/2.1.0/webrick/httpserver.rb:138:in `service'
  /Users/cassbaltz/.rbenv/versions/2.1.2/lib/ruby/2.1.0/webrick/httpserver.rb:94:in `run'
  /Users/cassbaltz/.rbenv/versions/2.1.2/lib/ruby/2.1.0/webrick/server.rb:295:in `block in start_thread'



Started POST "/__better_errors/efda526b79239e68/variables" for ::1 at 2016-09-20 10:49:35 -0400


Started GET "/" for ::1 at 2016-09-20 10:51:09 -0400
Processing by StaticPagesController#root as HTML
  Rendered static_pages/root.html.erb within layouts/application (0.1ms)
Completed 200 OK in 215ms (Views: 214.3ms | ActiveRecord: 0.0ms)


Started GET "/assets/bundle.self-9492068b3377865c4e1713d54729b31450f32bb24867a49fb24d0942e21eb186.js?body=1" for ::1 at 2016-09-20 10:51:09 -0400


Started GET "/assets/materialize/velocity.min.self-5adbb81af5c205a959e06198156b4b31fcd57f02c592e3fb096d7b74e8f401a6.js?body=1" for ::1 at 2016-09-20 10:51:09 -0400


Started GET "/assets/materialize/global.self-90649deff3358499c5859330da1363eea3e2bef75c80df5940f3894778f95027.js?body=1" for ::1 at 2016-09-20 10:51:09 -0400


Started GET "/assets/static_pages.self-e3b0c44298fc1c149afbf4c8996fb92427ae41e4649b934ca495991b7852b855.css?body=1" for ::1 at 2016-09-20 10:51:09 -0400


Started GET "/assets/jquery_ujs.self-784a997f6726036b1993eb2217c9cb558e1cbb801c6da88105588c56f13b466a.js?body=1" for ::1 at 2016-09-20 10:51:09 -0400


Started GET "/assets/materialize/hammer.min.self-bf8bdb0953b1a135f96716e362e1f7a8e64168c914fa77ca31973bb70e57a731.js?body=1" for ::1 at 2016-09-20 10:51:09 -0400


Started GET "/assets/materialize/jquery.easing.1.3.self-0170bc905fbddc075a56bdccce1be6a58f3713a14137b607ba9bd9f96fd7835f.js?body=1" for ::1 at 2016-09-20 10:51:09 -0400


Started GET "/assets/application.self-bc8154cd157bb3553deddef13a41e372ea727c1c39b74aceb341a90f68453d50.css?body=1" for ::1 at 2016-09-20 10:51:09 -0400


Started GET "/assets/materialize/dropdown.self-9cc5a781f54a4e273cde4a9d213ac101bf5875aaf02ee6e4abf1e43be84e747d.js?body=1" for ::1 at 2016-09-20 10:51:09 -0400


Started GET "/assets/materialize/collapsible.self-4c13fea644257c8f9384721f7d3bc27bced51754ddf3602b56093e2450a5d9c2.js?body=1" for ::1 at 2016-09-20 10:51:09 -0400


Started GET "/assets/materialize/parallax.self-7ac34f0f3dcef83deee116ea473a2770cec13e07c8e0dcce08cc2372bbe295d3.js?body=1" for ::1 at 2016-09-20 10:51:09 -0400


Started GET "/assets/materialize/materialbox.self-8572736f9d17261189da8a9fc91555d63b29498f4f8665328e28261c7c4cdb68.js?body=1" for ::1 at 2016-09-20 10:51:09 -0400


Started GET "/assets/materialize/leanModal.self-075befa387f6509a7504fc07beafcc796c44969652edcb2d71eedffd8e2ace01.js?body=1" for ::1 at 2016-09-20 10:51:09 -0400


Started GET "/assets/materialize/waves.self-26e9b9cfaa9ccbc292ed510f654bd279d69695f5337a14c9800b36e92f96735b.js?body=1" for ::1 at 2016-09-20 10:51:09 -0400


Started GET "/assets/materialize/scrollspy.self-5da2f9f196dc8f650ace037d487312180c62dc268dd19f45728c116284134207.js?body=1" for ::1 at 2016-09-20 10:51:09 -0400


Started GET "/assets/materialize/toasts.self-1eaa9f33c4c3b83f381997876ba6ac53899a5ca72a6b401708c32625fc553adc.js?body=1" for ::1 at 2016-09-20 10:51:09 -0400


Started GET "/assets/materialize/tabs.self-7f70bb766a49a1ad704b8f5988610277c8ec224c4d122cbea69e9309e6796d48.js?body=1" for ::1 at 2016-09-20 10:51:09 -0400


Started GET "/assets/materialize/slider.self-b650f99d1b28549db2e7d5b078540fa65aabbb2548e0a378a85cc6b4285fe438.js?body=1" for ::1 at 2016-09-20 10:51:09 -0400


Started GET "/assets/materialize/tooltip.self-7de1b1d9042095a500be33ae68b9c7541dee8adf8ffa47bff413b87ab330fe63.js?body=1" for ::1 at 2016-09-20 10:51:09 -0400


Started GET "/assets/materialize/forms.self-d9743bd4515fb298375d55740daf85a261d1aa2e15a741cd1f609a38d833fc71.js?body=1" for ::1 at 2016-09-20 10:51:09 -0400


Started GET "/assets/materialize/sideNav.self-de5e615b7a32eb9e55ffc9573e4186ef01339badef5ecb1f3f6d591686f49ac8.js?body=1" for ::1 at 2016-09-20 10:51:09 -0400


Started GET "/assets/materialize/chips.self-f132c07f55be9466a02329f8686ccaa06c011000aa9c975279debc158feed7a8.js?body=1" for ::1 at 2016-09-20 10:51:09 -0400


Started GET "/assets/materialize/pushpin.self-b6217071e4b33cf2ce5742d81537d6f36b046c5f8fd115a01e4239cff1acd598.js?body=1" for ::1 at 2016-09-20 10:51:09 -0400


Started GET "/assets/materialize/date_picker/picker.self-7a9d1216fe1172f8e8fd78fb86cfd4da25c909ebd6983cba5da20817d437d92b.js?body=1" for ::1 at 2016-09-20 10:51:09 -0400


Started GET "/assets/materialize/transitions.self-fd67a28daa2e92c441a55cdda3d20b34a7e5c5fbb9c6d62ca2aeba52b3ed93a3.js?body=1" for ::1 at 2016-09-20 10:51:09 -0400


Started GET "/assets/materialize/scrollFire.self-51d8aca762cd14871dbf39aad2bc0213e799f1aa314e75c267fdfd92cfd87e0e.js?body=1" for ::1 at 2016-09-20 10:51:09 -0400


Started GET "/assets/materialize/buttons.self-fc0951c300b1984a00694eabc8c451531be448d646ac073b05e4d2fbf7209302.js?body=1" for ::1 at 2016-09-20 10:51:09 -0400


Started GET "/assets/materialize/date_picker/picker.date.self-5924b278beda2df8570f137f72b37e2d0f516acbc11a0994d1abb74380f078ef.js?body=1" for ::1 at 2016-09-20 10:51:09 -0400


Started GET "/assets/jquery.self-bd7ddd393353a8d2480a622e80342adf488fb6006d667e8b42e4c0073393abee.js?body=1" for ::1 at 2016-09-20 10:51:09 -0400


Started GET "/assets/materialize/initial.self-79f269ead2aeaa809299033919f9128fa0d9700d0248cad0dcd6442ce43dc389.js?body=1" for ::1 at 2016-09-20 10:51:09 -0400


Started GET "/assets/materialize/character_counter.self-8bb854e15067a96db5bff6896d1d9435e4df83cf5bf6877a1d606940661d2588.js?body=1" for ::1 at 2016-09-20 10:51:09 -0400


Started GET "/assets/materialize/carousel.self-5f77aa051ee2f35168c30e604c294173a3d9c9f19ac5b6dc0a3c9cf0ea39c697.js?body=1" for ::1 at 2016-09-20 10:51:09 -0400


Started GET "/assets/materialize/animation.self-a1028b0bcf2e26331bedf7b90e81103f0707e69fdec488aa951de94b51987767.js?body=1" for ::1 at 2016-09-20 10:51:09 -0400


Started GET "/assets/materialize/jquery.hammer.self-73fd69102f356b9abfc9ee242b19895f62454f42cfcfa1f066be71d2c8f41c7a.js?body=1" for ::1 at 2016-09-20 10:51:09 -0400


Started GET "/assets/materialize/cards.self-896c5463a922395c54787a06d69191fbbbbb8bff604b577f505b2da80d9e5e1a.js?body=1" for ::1 at 2016-09-20 10:51:09 -0400


Started GET "/assets/static_pages.self-877aef30ae1b040ab8a3aba4e3e309a11d7f2612f44dde450b5c157aa5f95c05.js?body=1" for ::1 at 2016-09-20 10:51:09 -0400


Started GET "/assets/materialize-sprockets.self-1374c0ecff9f5520ea4a144c5754ae434cfea5ca52ec9af6e9916f20bd9275ed.js?body=1" for ::1 at 2016-09-20 10:51:09 -0400


Started GET "/assets/application.self-f8806224e027f3e3f0138ea9ce99319e298dfdb323304d1f1be6eae8e8c74724.js?body=1" for ::1 at 2016-09-20 10:51:10 -0400


Started GET "/assets/roboto/Roboto-Regular-b5c9c23bd12593523a46d79dd0aee80e3226bbde4c9ac05fc30a95e2c1510de0.woff2" for ::1 at 2016-09-20 10:51:10 -0400
